<?xml version="1.0" encoding="UTF-8"?>
<!-- Generated by org.testng.reporters.JUnitReportReporter -->
<testsuite hostname="sushants-Air.attlocal.net" name="com.qa.furniture.test.FurnitureUpdate" tests="1" failures="0" timestamp="2 Feb 2020 01:25:40 GMT" time="2.611" errors="0">
  <testcase name="putTest" time="2.611" classname="com.qa.furniture.test.FurnitureUpdate"/>
</testsuite> <!-- com.qa.furniture.test.FurnitureUpdate -->
