<?xml version="1.0" encoding="UTF-8"?>
<!-- Generated by org.testng.reporters.JUnitReportReporter -->
<testsuite hostname="sushants-Air.attlocal.net" name="com.qa.furniture.test.FurnitureGetTest" tests="1" failures="0" timestamp="2 Feb 2020 05:28:34 GMT" time="2.051" errors="0">
  <testcase name="swaggerTest" time="2.051" classname="com.qa.furniture.test.FurnitureGetTest"/>
</testsuite> <!-- com.qa.furniture.test.FurnitureGetTest -->
