<?xml version="1.0" encoding="UTF-8"?>
<!-- Generated by org.testng.reporters.JUnitReportReporter -->
<testsuite hostname="sushants-Air.attlocal.net" name="com.qa.furniture.test.FurnitureDelete" tests="1" failures="0" timestamp="2 Feb 2020 05:28:34 GMT" time="0.157" errors="0">
  <testcase name="deleteTest" time="0.157" classname="com.qa.furniture.test.FurnitureDelete"/>
</testsuite> <!-- com.qa.furniture.test.FurnitureDelete -->
