<?xml version="1.0" encoding="UTF-8"?>
<!-- Generated by org.testng.reporters.JUnitReportReporter -->
<testsuite hostname="E4ML18198" failures="0" tests="1" name="com.qa.furniture.test.FurnitureTest" time="2.196" errors="0" timestamp="20 Jan 2020 04:10:25 GMT" skipped="0">
  <testcase classname="com.qa.furniture.test.FurnitureTest" name="swaggerTest" time="2.196"/>
</testsuite> <!-- com.qa.furniture.test.FurnitureTest -->
