<?xml version="1.0" encoding="UTF-8"?>
<!-- Generated by org.testng.reporters.JUnitReportReporter -->
<testsuite hostname="sushants-Air.attlocal.net" name="com.qa.furniture.test.FurniturePut" tests="1" failures="0" timestamp="2 Feb 2020 05:28:34 GMT" time="0.175" errors="0">
  <testcase name="putTest" time="0.175" classname="com.qa.furniture.test.FurniturePut"/>
</testsuite> <!-- com.qa.furniture.test.FurniturePut -->
